


ARM Macro Assembler    Page 1 


    1 00000000         #line   1                "mbed-os/targets/TARGET_Silicon
_Labs/TARGET_EFM32/TARGET_EFM32WG/device/TARGET_256K/TOOLCHAIN_ARM_STD/startup_
efm32wg.S"
    1 00000000         ; 
    2 00000000         
    3 00000000         
    4 00000000         
    5 00000000         
    6 00000000         
    7 00000000         
    8 00000000         
    9 00000000         
   10 00000000         
   11 00000000         
   12 00000000         
   13 00000000         
   14 00000000         
   15 00000000         
   16 00000000         
   17 00000000         
   18 00000000         
   19 00000000         
   20 00000000         
   21 00000000         
   22 00000000         
   23 00000000         
   24 00000000         ;
   25 00000000         
   26 00000000         
   27 00000000         
   28 00000000         ; <h> Stack Configuration
   29 00000000         ;   <o> Stack Size (in Bytes) <0x0-0xFFFFFFFF:8>
   30 00000000         ; </h>
   31 00000000         
   32 00000000 00000400 
                       Stack_Size
                               EQU              0x00000400
   33 00000000         
   34 00000000                 AREA             STACK, NOINIT, READWRITE, ALIGN
=3
   35 00000000         Stack_Mem
                               SPACE            Stack_Size
   36 00000400 20008000 
                       __initial_sp
                               EQU              0x20008000
   37 00000400         
   38 00000400         
   39 00000400         ; <h> Heap Configuration
   40 00000400         ;   <o>  Heap Size (in Bytes) <0x0-0xFFFFFFFF:8>
   41 00000400         ; </h>
   42 00000400         
   43 00000400 00000C00 
                       Heap_Size
                               EQU              0x00000C00
   44 00000400         
   45 00000400                 AREA             HEAP, NOINIT, READWRITE, ALIGN=
3
   46 00000000         __heap_base
   47 00000000         Heap_Mem



ARM Macro Assembler    Page 2 


                               SPACE            Heap_Size
   48 00000C00         __heap_limit
   49 00000C00         
   50 00000C00         
   51 00000C00                 PRESERVE8
   52 00000C00                 THUMB
   53 00000C00         
   54 00000C00         
   55 00000C00         ; Vector Table Mapped to Address 0 at Reset
   56 00000C00         
   57 00000C00                 AREA             RESET, DATA, READONLY, ALIGN=8
   58 00000000                 EXPORT           __Vectors
   59 00000000                 EXPORT           __Vectors_End
   60 00000000                 EXPORT           __Vectors_Size
   61 00000000         
   62 00000000 20008000 
                       __Vectors
                               DCD              __initial_sp ; Top of Stack
   63 00000004 00000000        DCD              Reset_Handler ; Reset Handler
   64 00000008 00000000        DCD              NMI_Handler ; NMI Handler
   65 0000000C 00000000        DCD              HardFault_Handler ; Hard Fault 
                                                            Handler
   66 00000010 00000000        DCD              MemManage_Handler 
                                                            ; MPU Fault Handler
                                                            
   67 00000014 00000000        DCD              BusFault_Handler 
                                                            ; Bus Fault Handler
                                                            
   68 00000018 00000000        DCD              UsageFault_Handler ; Usage Faul
                                                            t Handler
   69 0000001C 00000000        DCD              0           ; Reserved
   70 00000020 00000000        DCD              0           ; Reserved
   71 00000024 00000000        DCD              0           ; Reserved
   72 00000028 00000000        DCD              0           ; Reserved
   73 0000002C 00000000        DCD              SVC_Handler ; SVCall Handler
   74 00000030 00000000        DCD              DebugMon_Handler ; Debug Monito
                                                            r Handler
   75 00000034 00000000        DCD              0           ; Reserved
   76 00000038 00000000        DCD              PendSV_Handler ; PendSV Handler
                                                            
   77 0000003C 00000000        DCD              SysTick_Handler 
                                                            ; SysTick Handler
   78 00000040         
   79 00000040         ; External Interrupts
   80 00000040         
   81 00000040 00000000        DCD              DMA_IRQHandler 
                                                            ; 0: DMA Interrupt
   82 00000044 00000000        DCD              GPIO_EVEN_IRQHandler ; 1: GPIO_
                                                            EVEN Interrupt
   83 00000048 00000000        DCD              TIMER0_IRQHandler ; 2: TIMER0 I
                                                            nterrupt
   84 0000004C 00000000        DCD              USART0_RX_IRQHandler ; 3: USART
                                                            0_RX Interrupt
   85 00000050 00000000        DCD              USART0_TX_IRQHandler ; 4: USART
                                                            0_TX Interrupt
   86 00000054 00000000        DCD              USB_IRQHandler 
                                                            ; 5: USB Interrupt
   87 00000058 00000000        DCD              ACMP0_IRQHandler ; 6: ACMP0 Int
                                                            errupt



ARM Macro Assembler    Page 3 


   88 0000005C 00000000        DCD              ADC0_IRQHandler 
                                                            ; 7: ADC0 Interrupt
                                                            
   89 00000060 00000000        DCD              DAC0_IRQHandler 
                                                            ; 8: DAC0 Interrupt
                                                            
   90 00000064 00000000        DCD              I2C0_IRQHandler 
                                                            ; 9: I2C0 Interrupt
                                                            
   91 00000068 00000000        DCD              I2C1_IRQHandler ; 10: I2C1 Inte
                                                            rrupt
   92 0000006C 00000000        DCD              GPIO_ODD_IRQHandler ; 11: GPIO_
                                                            ODD Interrupt
   93 00000070 00000000        DCD              TIMER1_IRQHandler ; 12: TIMER1 
                                                            Interrupt
   94 00000074 00000000        DCD              TIMER2_IRQHandler ; 13: TIMER2 
                                                            Interrupt
   95 00000078 00000000        DCD              TIMER3_IRQHandler ; 14: TIMER3 
                                                            Interrupt
   96 0000007C 00000000        DCD              USART1_RX_IRQHandler ; 15: USAR
                                                            T1_RX Interrupt
   97 00000080 00000000        DCD              USART1_TX_IRQHandler ; 16: USAR
                                                            T1_TX Interrupt
   98 00000084 00000000        DCD              LESENSE_IRQHandler ; 17: LESENS
                                                            E Interrupt
   99 00000088 00000000        DCD              USART2_RX_IRQHandler ; 18: USAR
                                                            T2_RX Interrupt
  100 0000008C 00000000        DCD              USART2_TX_IRQHandler ; 19: USAR
                                                            T2_TX Interrupt
  101 00000090 00000000        DCD              UART0_RX_IRQHandler ; 20: UART0
                                                            _RX Interrupt
  102 00000094 00000000        DCD              UART0_TX_IRQHandler ; 21: UART0
                                                            _TX Interrupt
  103 00000098 00000000        DCD              UART1_RX_IRQHandler ; 22: UART1
                                                            _RX Interrupt
  104 0000009C 00000000        DCD              UART1_TX_IRQHandler ; 23: UART1
                                                            _TX Interrupt
  105 000000A0 00000000        DCD              LEUART0_IRQHandler ; 24: LEUART
                                                            0 Interrupt
  106 000000A4 00000000        DCD              LEUART1_IRQHandler ; 25: LEUART
                                                            1 Interrupt
  107 000000A8 00000000        DCD              LETIMER0_IRQHandler ; 26: LETIM
                                                            ER0 Interrupt
  108 000000AC 00000000        DCD              PCNT0_IRQHandler ; 27: PCNT0 In
                                                            terrupt
  109 000000B0 00000000        DCD              PCNT1_IRQHandler ; 28: PCNT1 In
                                                            terrupt
  110 000000B4 00000000        DCD              PCNT2_IRQHandler ; 29: PCNT2 In
                                                            terrupt
  111 000000B8 00000000        DCD              RTC_IRQHandler 
                                                            ; 30: RTC Interrupt
                                                            
  112 000000BC 00000000        DCD              BURTC_IRQHandler ; 31: BURTC In
                                                            terrupt
  113 000000C0 00000000        DCD              CMU_IRQHandler 
                                                            ; 32: CMU Interrupt
                                                            
  114 000000C4 00000000        DCD              VCMP_IRQHandler ; 33: VCMP Inte
                                                            rrupt



ARM Macro Assembler    Page 4 


  115 000000C8 00000000        DCD              LCD_IRQHandler 
                                                            ; 34: LCD Interrupt
                                                            
  116 000000CC 00000000        DCD              MSC_IRQHandler 
                                                            ; 35: MSC Interrupt
                                                            
  117 000000D0 00000000        DCD              AES_IRQHandler 
                                                            ; 36: AES Interrupt
                                                            
  118 000000D4 00000000        DCD              EBI_IRQHandler 
                                                            ; 37: EBI Interrupt
                                                            
  119 000000D8 00000000        DCD              EMU_IRQHandler 
                                                            ; 38: EMU Interrupt
                                                            
  120 000000DC 00000000        DCD              FPUEH_IRQHandler ; 39: FPUEH In
                                                            terrupt
  121 000000E0         
  122 000000E0         __Vectors_End
  123 000000E0 000000E0 
                       __Vectors_Size
                               EQU              __Vectors_End - __Vectors
  124 000000E0         
  125 000000E0                 AREA             |.text|, CODE, READONLY
  126 00000000         
  127 00000000         
  128 00000000         ; Reset Handler
  129 00000000         
  130 00000000         Reset_Handler
                               PROC
  131 00000000                 EXPORT           Reset_Handler             [WEAK
]
  132 00000000                 IMPORT           SystemInit
  133 00000000                 IMPORT           __main
  134 00000000 4809            LDR              R0, =SystemInit
  135 00000002 4780            BLX              R0
  136 00000004 4809            LDR              R0, =__main
  137 00000006 4700            BX               R0
  138 00000008                 ENDP
  139 00000008         
  140 00000008         
  141 00000008         ; Dummy Exception Handlers (infinite loops which can be 
                       modified)
  142 00000008         
  143 00000008         NMI_Handler
                               PROC
  144 00000008                 EXPORT           NMI_Handler               [WEAK
]
  145 00000008 E7FE            B                .
  146 0000000A                 ENDP
  147 0000000A         HardFault_Handler
                               PROC
  148 0000000A         
  149 0000000A                 EXPORT           HardFault_Handler         [WEAK
]
  150 0000000A E7FE            B                .
  151 0000000C                 ENDP
  152 0000000C         MemManage_Handler
                               PROC



ARM Macro Assembler    Page 5 


  153 0000000C         
  154 0000000C                 EXPORT           MemManage_Handler         [WEAK
]
  155 0000000C E7FE            B                .
  156 0000000E                 ENDP
  157 0000000E         BusFault_Handler
                               PROC
  158 0000000E         
  159 0000000E                 EXPORT           BusFault_Handler          [WEAK
]
  160 0000000E E7FE            B                .
  161 00000010                 ENDP
  162 00000010         UsageFault_Handler
                               PROC
  163 00000010         
  164 00000010                 EXPORT           UsageFault_Handler        [WEAK
]
  165 00000010 E7FE            B                .
  166 00000012                 ENDP
  167 00000012         SVC_Handler
                               PROC
  168 00000012                 EXPORT           SVC_Handler               [WEAK
]
  169 00000012 E7FE            B                .
  170 00000014                 ENDP
  171 00000014         DebugMon_Handler
                               PROC
  172 00000014         
  173 00000014                 EXPORT           DebugMon_Handler          [WEAK
]
  174 00000014 E7FE            B                .
  175 00000016                 ENDP
  176 00000016         PendSV_Handler
                               PROC
  177 00000016                 EXPORT           PendSV_Handler            [WEAK
]
  178 00000016 E7FE            B                .
  179 00000018                 ENDP
  180 00000018         SysTick_Handler
                               PROC
  181 00000018                 EXPORT           SysTick_Handler           [WEAK
]
  182 00000018 E7FE            B                .
  183 0000001A                 ENDP
  184 0000001A         
  185 0000001A         Default_Handler
                               PROC
  186 0000001A                 EXPORT           DMA_IRQHandler        [WEAK]
  187 0000001A                 EXPORT           GPIO_EVEN_IRQHandler        [WE
AK]
  188 0000001A                 EXPORT           TIMER0_IRQHandler        [WEAK]
  189 0000001A                 EXPORT           USART0_RX_IRQHandler        [WE
AK]
  190 0000001A                 EXPORT           USART0_TX_IRQHandler        [WE
AK]
  191 0000001A                 EXPORT           USB_IRQHandler        [WEAK]
  192 0000001A                 EXPORT           ACMP0_IRQHandler        [WEAK]
  193 0000001A                 EXPORT           ADC0_IRQHandler        [WEAK]
  194 0000001A                 EXPORT           DAC0_IRQHandler        [WEAK]



ARM Macro Assembler    Page 6 


  195 0000001A                 EXPORT           I2C0_IRQHandler        [WEAK]
  196 0000001A                 EXPORT           I2C1_IRQHandler        [WEAK]
  197 0000001A                 EXPORT           GPIO_ODD_IRQHandler        [WEA
K]
  198 0000001A                 EXPORT           TIMER1_IRQHandler        [WEAK]
  199 0000001A                 EXPORT           TIMER2_IRQHandler        [WEAK]
  200 0000001A                 EXPORT           TIMER3_IRQHandler        [WEAK]
  201 0000001A                 EXPORT           USART1_RX_IRQHandler        [WE
AK]
  202 0000001A                 EXPORT           USART1_TX_IRQHandler        [WE
AK]
  203 0000001A                 EXPORT           LESENSE_IRQHandler        [WEAK
]
  204 0000001A                 EXPORT           USART2_RX_IRQHandler        [WE
AK]
  205 0000001A                 EXPORT           USART2_TX_IRQHandler        [WE
AK]
  206 0000001A                 EXPORT           UART0_RX_IRQHandler        [WEA
K]
  207 0000001A                 EXPORT           UART0_TX_IRQHandler        [WEA
K]
  208 0000001A                 EXPORT           UART1_RX_IRQHandler        [WEA
K]
  209 0000001A                 EXPORT           UART1_TX_IRQHandler        [WEA
K]
  210 0000001A                 EXPORT           LEUART0_IRQHandler        [WEAK
]
  211 0000001A                 EXPORT           LEUART1_IRQHandler        [WEAK
]
  212 0000001A                 EXPORT           LETIMER0_IRQHandler        [WEA
K]
  213 0000001A                 EXPORT           PCNT0_IRQHandler        [WEAK]
  214 0000001A                 EXPORT           PCNT1_IRQHandler        [WEAK]
  215 0000001A                 EXPORT           PCNT2_IRQHandler        [WEAK]
  216 0000001A                 EXPORT           RTC_IRQHandler        [WEAK]
  217 0000001A                 EXPORT           BURTC_IRQHandler        [WEAK]
  218 0000001A                 EXPORT           CMU_IRQHandler        [WEAK]
  219 0000001A                 EXPORT           VCMP_IRQHandler        [WEAK]
  220 0000001A                 EXPORT           LCD_IRQHandler        [WEAK]
  221 0000001A                 EXPORT           MSC_IRQHandler        [WEAK]
  222 0000001A                 EXPORT           AES_IRQHandler        [WEAK]
  223 0000001A                 EXPORT           EBI_IRQHandler        [WEAK]
  224 0000001A                 EXPORT           EMU_IRQHandler        [WEAK]
  225 0000001A                 EXPORT           FPUEH_IRQHandler        [WEAK]
  226 0000001A         
  227 0000001A         
  228 0000001A         DMA_IRQHandler
  229 0000001A         GPIO_EVEN_IRQHandler
  230 0000001A         TIMER0_IRQHandler
  231 0000001A         USART0_RX_IRQHandler
  232 0000001A         USART0_TX_IRQHandler
  233 0000001A         USB_IRQHandler
  234 0000001A         ACMP0_IRQHandler
  235 0000001A         ADC0_IRQHandler
  236 0000001A         DAC0_IRQHandler
  237 0000001A         I2C0_IRQHandler
  238 0000001A         I2C1_IRQHandler
  239 0000001A         GPIO_ODD_IRQHandler
  240 0000001A         TIMER1_IRQHandler



ARM Macro Assembler    Page 7 


  241 0000001A         TIMER2_IRQHandler
  242 0000001A         TIMER3_IRQHandler
  243 0000001A         USART1_RX_IRQHandler
  244 0000001A         USART1_TX_IRQHandler
  245 0000001A         LESENSE_IRQHandler
  246 0000001A         USART2_RX_IRQHandler
  247 0000001A         USART2_TX_IRQHandler
  248 0000001A         UART0_RX_IRQHandler
  249 0000001A         UART0_TX_IRQHandler
  250 0000001A         UART1_RX_IRQHandler
  251 0000001A         UART1_TX_IRQHandler
  252 0000001A         LEUART0_IRQHandler
  253 0000001A         LEUART1_IRQHandler
  254 0000001A         LETIMER0_IRQHandler
  255 0000001A         PCNT0_IRQHandler
  256 0000001A         PCNT1_IRQHandler
  257 0000001A         PCNT2_IRQHandler
  258 0000001A         RTC_IRQHandler
  259 0000001A         BURTC_IRQHandler
  260 0000001A         CMU_IRQHandler
  261 0000001A         VCMP_IRQHandler
  262 0000001A         LCD_IRQHandler
  263 0000001A         MSC_IRQHandler
  264 0000001A         AES_IRQHandler
  265 0000001A         EBI_IRQHandler
  266 0000001A         EMU_IRQHandler
  267 0000001A         FPUEH_IRQHandler
  268 0000001A E7FE            B                .
  269 0000001C                 ENDP
  270 0000001C         
  271 0000001C                 ALIGN
  272 0000001C         
  273 0000001C         ; User Initial Stack & Heap
  274 0000001C         
  275 0000001C                 IMPORT           __use_two_region_memory
  276 0000001C                 EXPORT           __user_initial_stackheap
  277 0000001C         
  278 0000001C         __user_initial_stackheap
                               PROC
  279 0000001C 4804            LDR              R0, =  Heap_Mem
  280 0000001E 4905            LDR              R1, =(Stack_Mem + Stack_Size)
  281 00000020 4A05            LDR              R2, = (Heap_Mem +  Heap_Size)
  282 00000022 4B06            LDR              R3, = Stack_Mem
  283 00000024 4770            BX               LR
  284 00000026                 ENDP
  285 00000026         
  286 00000026 00 00           ALIGN
  287 00000028         
  288 00000028                 END
              00000000 
              00000000 
              00000000 
              00000400 
              00000C00 
              00000000 
Command Line: --debug --xref --cpreproc --diag_suppress=9931 --cpu=Cortex-M4.fp
 --apcs=interwork --depend=.\build\startup_efm32wg.d -o.\build\startup_efm32wg.
o -I. -Imbed-os/. -Imbed-os/features -Imbed-os/features/frameworks -Imbed-os/fe
atures/frameworks/greentea-client -Imbed-os/features/frameworks/greentea-client



ARM Macro Assembler    Page 8 


/greentea-client -Imbed-os/features/frameworks/greentea-client/source -Imbed-os
/features/frameworks/unity -Imbed-os/features/frameworks/unity/source -Imbed-os
/features/frameworks/unity/unity -Imbed-os/features/frameworks/utest -Imbed-os/
features/frameworks/utest/source -Imbed-os/features/frameworks/utest/utest -Imb
ed-os/features/mbedtls -Imbed-os/features/mbedtls/importer -Imbed-os/features/m
bedtls/inc -Imbed-os/features/mbedtls/inc/mbedtls -Imbed-os/features/mbedtls/sr
c -Imbed-os/features/mbedtls/platform -Imbed-os/features/mbedtls/platform/inc -
Imbed-os/features/mbedtls/platform/src -Imbed-os/features/mbedtls/targets -Imbe
d-os/features/mbedtls/targets/TARGET_Silicon_Labs -Imbed-os/features/nanostack 
-Imbed-os/features/storage -Imbed-os/features/netsocket -Imbed-os/features/nets
ocket/cellular -Imbed-os/features/netsocket/cellular/generic_modem_driver -Imbe
d-os/features/filesystem -Imbed-os/features/filesystem/bd -Imbed-os/features/fi
lesystem/fat -Imbed-os/features/filesystem/fat/ChaN -Imbed-os/features/filesyst
em/littlefs -Imbed-os/features/filesystem/littlefs/littlefs -Imbed-os/features/
cellular -Imbed-os/features/cellular/easy_cellular -Imbed-os/features/cellular/
framework -Imbed-os/features/cellular/framework/API -Imbed-os/features/cellular
/framework/AT -Imbed-os/features/cellular/framework/common -Imbed-os/features/c
ellular/framework/targets -Imbed-os/features/cellular/framework/targets/QUECTEL
 -Imbed-os/features/cellular/framework/targets/QUECTEL/BC95 -Imbed-os/features/
cellular/framework/targets/QUECTEL/BG96 -Imbed-os/features/cellular/framework/t
argets/TELIT -Imbed-os/features/cellular/framework/targets/TELIT/HE910 -Imbed-o
s/features/cellular/framework/targets/UBLOX -Imbed-os/features/cellular/framewo
rk/targets/UBLOX/LISA_U -Imbed-os/features/lorawan -Imbed-os/features/lorawan/l
orastack -Imbed-os/features/lorawan/lorastack/mac -Imbed-os/features/lorawan/lo
rastack/phy -Imbed-os/features/lorawan/system -Imbed-os/features/nvstore -Imbed
-os/features/nvstore/source -Imbed-os/cmsis -Imbed-os/cmsis/TARGET_CORTEX_M -Im
bed-os/drivers -Imbed-os/events -Imbed-os/events/equeue -Imbed-os/rtos -Imbed-o
s/rtos/TARGET_CORTEX -Imbed-os/rtos/TARGET_CORTEX/rtx4 -Imbed-os/rtos/TARGET_CO
RTEX/rtx5 -Imbed-os/rtos/TARGET_CORTEX/rtx5/Include -Imbed-os/rtos/TARGET_CORTE
X/rtx5/RTX -Imbed-os/rtos/TARGET_CORTEX/rtx5/RTX/Config -Imbed-os/rtos/TARGET_C
ORTEX/rtx5/RTX/Include -Imbed-os/rtos/TARGET_CORTEX/rtx5/RTX/Source -Imbed-os/r
tos/TARGET_CORTEX/rtx5/RTX/Source/TOOLCHAIN_ARM -Imbed-os/rtos/TARGET_CORTEX/rt
x5/RTX/Source/TOOLCHAIN_ARM/TARGET_RTOS_M4_M7 -Imbed-os/rtos/TARGET_CORTEX/rtx5
/Source -Imbed-os/rtos/TARGET_CORTEX/TARGET_CORTEX_M -Imbed-os/rtos/TARGET_CORT
EX/TARGET_CORTEX_M/TOOLCHAIN_ARM -Imbed-os/hal -Imbed-os/hal/storage_abstractio
n -Imbed-os/platform -Imbed-os/targets -Imbed-os/targets/TARGET_Silicon_Labs -I
mbed-os/targets/TARGET_Silicon_Labs/TARGET_EFM32 -Imbed-os/targets/TARGET_Silic
on_Labs/TARGET_EFM32/TARGET_EFM32WG -Imbed-os/targets/TARGET_Silicon_Labs/TARGE
T_EFM32/TARGET_EFM32WG/TARGET_EFM32WG_STK3800 -Imbed-os/targets/TARGET_Silicon_
Labs/TARGET_EFM32/TARGET_EFM32WG/device -Imbed-os/targets/TARGET_Silicon_Labs/T
ARGET_EFM32/TARGET_EFM32WG/device/TARGET_256K -Imbed-os/targets/TARGET_Silicon_
Labs/TARGET_EFM32/TARGET_EFM32WG/device/TARGET_256K/TOOLCHAIN_ARM_STD -Imbed-os
/targets/TARGET_Silicon_Labs/TARGET_EFM32/common -Imbed-os/targets/TARGET_Silic
on_Labs/TARGET_EFM32/emlib -Imbed-os/targets/TARGET_Silicon_Labs/TARGET_EFM32/e
mlib/inc -Imbed-os/targets/TARGET_Silicon_Labs/TARGET_EFM32/emlib/src -Imbed-os
/targets/TARGET_Silicon_Labs/TARGET_EFM32/trng -Imbed-os/features/FEATURE_COMMO
N_PAL -Imbed-os/features/FEATURE_COMMON_PAL/mbed-coap -Imbed-os/features/FEATUR
E_COMMON_PAL/mbed-coap/doxygen -Imbed-os/features/FEATURE_COMMON_PAL/mbed-coap/
mbed-coap -Imbed-os/features/FEATURE_COMMON_PAL/mbed-coap/source -Imbed-os/feat
ures/FEATURE_COMMON_PAL/mbed-coap/source/include -Imbed-os/features/FEATURE_COM
MON_PAL/mbed-client-randlib -Imbed-os/features/FEATURE_COMMON_PAL/mbed-client-r
andlib/mbed-client-randlib -Imbed-os/features/FEATURE_COMMON_PAL/mbed-client-ra
ndlib/mbed-client-randlib/platform -Imbed-os/features/FEATURE_COMMON_PAL/mbed-c
lient-randlib/source -Imbed-os/features/FEATURE_COMMON_PAL/mbed-trace -Imbed-os
/features/FEATURE_COMMON_PAL/mbed-trace/mbed-trace -Imbed-os/features/FEATURE_C
OMMON_PAL/mbed-trace/source -Imbed-os/features/FEATURE_COMMON_PAL/nanostack-hal
-mbed-cmsis-rtos -Imbed-os/features/FEATURE_COMMON_PAL/nanostack-hal-mbed-cmsis
-rtos/cs_nvm -Imbed-os/features/FEATURE_COMMON_PAL/nanostack-hal-mbed-cmsis-rto
s/nvm -Imbed-os/features/FEATURE_COMMON_PAL/nanostack-libservice -Imbed-os/feat



ARM Macro Assembler    Page 9 


ures/FEATURE_COMMON_PAL/nanostack-libservice/mbed-client-libservice -Imbed-os/f
eatures/FEATURE_COMMON_PAL/nanostack-libservice/mbed-client-libservice/platform
 -Imbed-os/features/FEATURE_COMMON_PAL/nanostack-libservice/source -Imbed-os/fe
atures/FEATURE_COMMON_PAL/nanostack-libservice/source/IPv6_fcf_lib -Imbed-os/fe
atures/FEATURE_COMMON_PAL/nanostack-libservice/source/libBits -Imbed-os/feature
s/FEATURE_COMMON_PAL/nanostack-libservice/source/libList -Imbed-os/features/FEA
TURE_COMMON_PAL/nanostack-libservice/source/libTrace -Imbed-os/features/FEATURE
_COMMON_PAL/nanostack-libservice/source/libTrace/scripts -Imbed-os/features/FEA
TURE_COMMON_PAL/nanostack-libservice/source/libip6string -Imbed-os/features/FEA
TURE_COMMON_PAL/nanostack-libservice/source/nsdynmemLIB -Imbed-os/features/FEAT
URE_COMMON_PAL/nanostack-libservice/source/nvmHelper -Imbed-os/features/FEATURE
_COMMON_PAL/sal-stack-nanostack-eventloop -Imbed-os/features/FEATURE_COMMON_PAL
/sal-stack-nanostack-eventloop/nanostack-event-loop -Imbed-os/features/FEATURE_
COMMON_PAL/sal-stack-nanostack-eventloop/nanostack-event-loop/platform -Imbed-o
s/features/FEATURE_COMMON_PAL/sal-stack-nanostack-eventloop/source -Imbed-os/fe
atures/FEATURE_LWIP -Imbed-os/features/FEATURE_LWIP/lwip-interface -Imbed-os/fe
atures/FEATURE_LWIP/lwip-interface/lwip-eth -Imbed-os/features/FEATURE_LWIP/lwi
p-interface/lwip-eth/arch -Imbed-os/features/FEATURE_LWIP/lwip-interface/lwip-s
ys -Imbed-os/features/FEATURE_LWIP/lwip-interface/lwip-sys/arch -Imbed-os/featu
res/FEATURE_LWIP/lwip-interface/lwip -Imbed-os/features/FEATURE_LWIP/lwip-inter
face/lwip/src -Imbed-os/features/FEATURE_LWIP/lwip-interface/lwip/src/api -Imbe
d-os/features/FEATURE_LWIP/lwip-interface/lwip/src/core -Imbed-os/features/FEAT
URE_LWIP/lwip-interface/lwip/src/core/ipv4 -Imbed-os/features/FEATURE_LWIP/lwip
-interface/lwip/src/core/ipv6 -Imbed-os/features/FEATURE_LWIP/lwip-interface/lw
ip/src/include -Imbed-os/features/FEATURE_LWIP/lwip-interface/lwip/src/include/
lwip -Imbed-os/features/FEATURE_LWIP/lwip-interface/lwip/src/include/lwip/priv 
-Imbed-os/features/FEATURE_LWIP/lwip-interface/lwip/src/include/lwip/prot -Imbe
d-os/features/FEATURE_LWIP/lwip-interface/lwip/src/include/netif -Imbed-os/feat
ures/FEATURE_LWIP/lwip-interface/lwip/src/include/netif/ppp -Imbed-os/features/
FEATURE_LWIP/lwip-interface/lwip/src/include/netif/ppp/polarssl -Imbed-os/featu
res/FEATURE_LWIP/lwip-interface/lwip/src/netif -Imbed-os/features/FEATURE_LWIP/
lwip-interface/lwip/src/netif/ppp -Imbed-os/features/FEATURE_LWIP/lwip-interfac
e/lwip/src/netif/ppp/polarssl -I.\RTE\_mbed-os-bts-pa-cellular -IC:\Keil_v5\ARM
\PACK\SiliconLabs\EFM32WG_DFP\5.4.0\Device\SiliconLabs\EFM32WG\Include -IC:\Kei
l_v5\ARM\CMSIS\Include -IC:\Keil_v5\ARM\PACK\SiliconLabs\EFM32WG_DFP\5.4.0 --pr
edefine="__UVISION_VERSION SETA 525" --predefine="EFM32WG990F256 SETA 1" --cpre
proc_opts=-D__ASSERT_MSG,-DEFM32WG990F256,-D__CORTEX_M4,-DARM_MATH_CM4,-D__FPU_
PRESENT=1,-D__MBED_CMSIS_RTOS_CM,-D__CMSIS_RTOS,-DTRANSACTION_QUEUE_SIZE_SPI=4,
-DMBED_TICKLESS,-DMBEDTLS_CONFIG_HW_SUPPORT --list=.\build\startup_efm32wg.lst 
mbed-os/targets/TARGET_Silicon_Labs/TARGET_EFM32/TARGET_EFM32WG/device/TARGET_2
56K/TOOLCHAIN_ARM_STD/startup_efm32wg.S



ARM Macro Assembler    Page 1 Alphabetic symbol ordering
Relocatable symbols

STACK 00000000

Symbol: STACK
   Definitions
      At line 34 in file mbed-os\targets\TARGET_Silicon_Labs\TARGET_EFM32\TARGE
T_EFM32WG\device\TARGET_256K\TOOLCHAIN_ARM_STD\startup_efm32wg.S
   Uses
      None
Comment: STACK unused
Stack_Mem 00000000

Symbol: Stack_Mem
   Definitions
      At line 35 in file mbed-os\targets\TARGET_Silicon_Labs\TARGET_EFM32\TARGE
T_EFM32WG\device\TARGET_256K\TOOLCHAIN_ARM_STD\startup_efm32wg.S
   Uses
      At line 280 in file mbed-os\targets\TARGET_Silicon_Labs\TARGET_EFM32\TARG
ET_EFM32WG\device\TARGET_256K\TOOLCHAIN_ARM_STD\startup_efm32wg.S
      At line 282 in file mbed-os\targets\TARGET_Silicon_Labs\TARGET_EFM32\TARG
ET_EFM32WG\device\TARGET_256K\TOOLCHAIN_ARM_STD\startup_efm32wg.S

2 symbols



ARM Macro Assembler    Page 1 Alphabetic symbol ordering
Relocatable symbols

HEAP 00000000

Symbol: HEAP
   Definitions
      At line 45 in file mbed-os\targets\TARGET_Silicon_Labs\TARGET_EFM32\TARGE
T_EFM32WG\device\TARGET_256K\TOOLCHAIN_ARM_STD\startup_efm32wg.S
   Uses
      None
Comment: HEAP unused
Heap_Mem 00000000

Symbol: Heap_Mem
   Definitions
      At line 47 in file mbed-os\targets\TARGET_Silicon_Labs\TARGET_EFM32\TARGE
T_EFM32WG\device\TARGET_256K\TOOLCHAIN_ARM_STD\startup_efm32wg.S
   Uses
      At line 279 in file mbed-os\targets\TARGET_Silicon_Labs\TARGET_EFM32\TARG
ET_EFM32WG\device\TARGET_256K\TOOLCHAIN_ARM_STD\startup_efm32wg.S
      At line 281 in file mbed-os\targets\TARGET_Silicon_Labs\TARGET_EFM32\TARG
ET_EFM32WG\device\TARGET_256K\TOOLCHAIN_ARM_STD\startup_efm32wg.S

__heap_base 00000000

Symbol: __heap_base
   Definitions
      At line 46 in file mbed-os\targets\TARGET_Silicon_Labs\TARGET_EFM32\TARGE
T_EFM32WG\device\TARGET_256K\TOOLCHAIN_ARM_STD\startup_efm32wg.S
   Uses
      None
Comment: __heap_base unused
__heap_limit 00000C00

Symbol: __heap_limit
   Definitions
      At line 48 in file mbed-os\targets\TARGET_Silicon_Labs\TARGET_EFM32\TARGE
T_EFM32WG\device\TARGET_256K\TOOLCHAIN_ARM_STD\startup_efm32wg.S
   Uses
      None
Comment: __heap_limit unused
4 symbols



ARM Macro Assembler    Page 1 Alphabetic symbol ordering
Relocatable symbols

RESET 00000000

Symbol: RESET
   Definitions
      At line 57 in file mbed-os\targets\TARGET_Silicon_Labs\TARGET_EFM32\TARGE
T_EFM32WG\device\TARGET_256K\TOOLCHAIN_ARM_STD\startup_efm32wg.S
   Uses
      None
Comment: RESET unused
__Vectors 00000000

Symbol: __Vectors
   Definitions
      At line 62 in file mbed-os\targets\TARGET_Silicon_Labs\TARGET_EFM32\TARGE
T_EFM32WG\device\TARGET_256K\TOOLCHAIN_ARM_STD\startup_efm32wg.S
   Uses
      At line 58 in file mbed-os\targets\TARGET_Silicon_Labs\TARGET_EFM32\TARGE
T_EFM32WG\device\TARGET_256K\TOOLCHAIN_ARM_STD\startup_efm32wg.S
      At line 123 in file mbed-os\targets\TARGET_Silicon_Labs\TARGET_EFM32\TARG
ET_EFM32WG\device\TARGET_256K\TOOLCHAIN_ARM_STD\startup_efm32wg.S

__Vectors_End 000000E0

Symbol: __Vectors_End
   Definitions
      At line 122 in file mbed-os\targets\TARGET_Silicon_Labs\TARGET_EFM32\TARG
ET_EFM32WG\device\TARGET_256K\TOOLCHAIN_ARM_STD\startup_efm32wg.S
   Uses
      At line 59 in file mbed-os\targets\TARGET_Silicon_Labs\TARGET_EFM32\TARGE
T_EFM32WG\device\TARGET_256K\TOOLCHAIN_ARM_STD\startup_efm32wg.S
      At line 123 in file mbed-os\targets\TARGET_Silicon_Labs\TARGET_EFM32\TARG
ET_EFM32WG\device\TARGET_256K\TOOLCHAIN_ARM_STD\startup_efm32wg.S

3 symbols



ARM Macro Assembler    Page 1 Alphabetic symbol ordering
Relocatable symbols

.text 00000000

Symbol: .text
   Definitions
      At line 125 in file mbed-os\targets\TARGET_Silicon_Labs\TARGET_EFM32\TARG
ET_EFM32WG\device\TARGET_256K\TOOLCHAIN_ARM_STD\startup_efm32wg.S
   Uses
      None
Comment: .text unused
ACMP0_IRQHandler 0000001A

Symbol: ACMP0_IRQHandler
   Definitions
      At line 234 in file mbed-os\targets\TARGET_Silicon_Labs\TARGET_EFM32\TARG
ET_EFM32WG\device\TARGET_256K\TOOLCHAIN_ARM_STD\startup_efm32wg.S
   Uses
      At line 87 in file mbed-os\targets\TARGET_Silicon_Labs\TARGET_EFM32\TARGE
T_EFM32WG\device\TARGET_256K\TOOLCHAIN_ARM_STD\startup_efm32wg.S
      At line 192 in file mbed-os\targets\TARGET_Silicon_Labs\TARGET_EFM32\TARG
ET_EFM32WG\device\TARGET_256K\TOOLCHAIN_ARM_STD\startup_efm32wg.S

ADC0_IRQHandler 0000001A

Symbol: ADC0_IRQHandler
   Definitions
      At line 235 in file mbed-os\targets\TARGET_Silicon_Labs\TARGET_EFM32\TARG
ET_EFM32WG\device\TARGET_256K\TOOLCHAIN_ARM_STD\startup_efm32wg.S
   Uses
      At line 88 in file mbed-os\targets\TARGET_Silicon_Labs\TARGET_EFM32\TARGE
T_EFM32WG\device\TARGET_256K\TOOLCHAIN_ARM_STD\startup_efm32wg.S
      At line 193 in file mbed-os\targets\TARGET_Silicon_Labs\TARGET_EFM32\TARG
ET_EFM32WG\device\TARGET_256K\TOOLCHAIN_ARM_STD\startup_efm32wg.S

AES_IRQHandler 0000001A

Symbol: AES_IRQHandler
   Definitions
      At line 264 in file mbed-os\targets\TARGET_Silicon_Labs\TARGET_EFM32\TARG
ET_EFM32WG\device\TARGET_256K\TOOLCHAIN_ARM_STD\startup_efm32wg.S
   Uses
      At line 117 in file mbed-os\targets\TARGET_Silicon_Labs\TARGET_EFM32\TARG
ET_EFM32WG\device\TARGET_256K\TOOLCHAIN_ARM_STD\startup_efm32wg.S
      At line 222 in file mbed-os\targets\TARGET_Silicon_Labs\TARGET_EFM32\TARG
ET_EFM32WG\device\TARGET_256K\TOOLCHAIN_ARM_STD\startup_efm32wg.S

BURTC_IRQHandler 0000001A

Symbol: BURTC_IRQHandler
   Definitions
      At line 259 in file mbed-os\targets\TARGET_Silicon_Labs\TARGET_EFM32\TARG
ET_EFM32WG\device\TARGET_256K\TOOLCHAIN_ARM_STD\startup_efm32wg.S
   Uses
      At line 112 in file mbed-os\targets\TARGET_Silicon_Labs\TARGET_EFM32\TARG
ET_EFM32WG\device\TARGET_256K\TOOLCHAIN_ARM_STD\startup_efm32wg.S
      At line 217 in file mbed-os\targets\TARGET_Silicon_Labs\TARGET_EFM32\TARG
ET_EFM32WG\device\TARGET_256K\TOOLCHAIN_ARM_STD\startup_efm32wg.S

BusFault_Handler 0000000E




ARM Macro Assembler    Page 2 Alphabetic symbol ordering
Relocatable symbols

Symbol: BusFault_Handler
   Definitions
      At line 157 in file mbed-os\targets\TARGET_Silicon_Labs\TARGET_EFM32\TARG
ET_EFM32WG\device\TARGET_256K\TOOLCHAIN_ARM_STD\startup_efm32wg.S
   Uses
      At line 67 in file mbed-os\targets\TARGET_Silicon_Labs\TARGET_EFM32\TARGE
T_EFM32WG\device\TARGET_256K\TOOLCHAIN_ARM_STD\startup_efm32wg.S
      At line 159 in file mbed-os\targets\TARGET_Silicon_Labs\TARGET_EFM32\TARG
ET_EFM32WG\device\TARGET_256K\TOOLCHAIN_ARM_STD\startup_efm32wg.S

CMU_IRQHandler 0000001A

Symbol: CMU_IRQHandler
   Definitions
      At line 260 in file mbed-os\targets\TARGET_Silicon_Labs\TARGET_EFM32\TARG
ET_EFM32WG\device\TARGET_256K\TOOLCHAIN_ARM_STD\startup_efm32wg.S
   Uses
      At line 113 in file mbed-os\targets\TARGET_Silicon_Labs\TARGET_EFM32\TARG
ET_EFM32WG\device\TARGET_256K\TOOLCHAIN_ARM_STD\startup_efm32wg.S
      At line 218 in file mbed-os\targets\TARGET_Silicon_Labs\TARGET_EFM32\TARG
ET_EFM32WG\device\TARGET_256K\TOOLCHAIN_ARM_STD\startup_efm32wg.S

DAC0_IRQHandler 0000001A

Symbol: DAC0_IRQHandler
   Definitions
      At line 236 in file mbed-os\targets\TARGET_Silicon_Labs\TARGET_EFM32\TARG
ET_EFM32WG\device\TARGET_256K\TOOLCHAIN_ARM_STD\startup_efm32wg.S
   Uses
      At line 89 in file mbed-os\targets\TARGET_Silicon_Labs\TARGET_EFM32\TARGE
T_EFM32WG\device\TARGET_256K\TOOLCHAIN_ARM_STD\startup_efm32wg.S
      At line 194 in file mbed-os\targets\TARGET_Silicon_Labs\TARGET_EFM32\TARG
ET_EFM32WG\device\TARGET_256K\TOOLCHAIN_ARM_STD\startup_efm32wg.S

DMA_IRQHandler 0000001A

Symbol: DMA_IRQHandler
   Definitions
      At line 228 in file mbed-os\targets\TARGET_Silicon_Labs\TARGET_EFM32\TARG
ET_EFM32WG\device\TARGET_256K\TOOLCHAIN_ARM_STD\startup_efm32wg.S
   Uses
      At line 81 in file mbed-os\targets\TARGET_Silicon_Labs\TARGET_EFM32\TARGE
T_EFM32WG\device\TARGET_256K\TOOLCHAIN_ARM_STD\startup_efm32wg.S
      At line 186 in file mbed-os\targets\TARGET_Silicon_Labs\TARGET_EFM32\TARG
ET_EFM32WG\device\TARGET_256K\TOOLCHAIN_ARM_STD\startup_efm32wg.S

DebugMon_Handler 00000014

Symbol: DebugMon_Handler
   Definitions
      At line 171 in file mbed-os\targets\TARGET_Silicon_Labs\TARGET_EFM32\TARG
ET_EFM32WG\device\TARGET_256K\TOOLCHAIN_ARM_STD\startup_efm32wg.S
   Uses
      At line 74 in file mbed-os\targets\TARGET_Silicon_Labs\TARGET_EFM32\TARGE
T_EFM32WG\device\TARGET_256K\TOOLCHAIN_ARM_STD\startup_efm32wg.S
      At line 173 in file mbed-os\targets\TARGET_Silicon_Labs\TARGET_EFM32\TARG
ET_EFM32WG\device\TARGET_256K\TOOLCHAIN_ARM_STD\startup_efm32wg.S

Default_Handler 0000001A



ARM Macro Assembler    Page 3 Alphabetic symbol ordering
Relocatable symbols


Symbol: Default_Handler
   Definitions
      At line 185 in file mbed-os\targets\TARGET_Silicon_Labs\TARGET_EFM32\TARG
ET_EFM32WG\device\TARGET_256K\TOOLCHAIN_ARM_STD\startup_efm32wg.S
   Uses
      None
Comment: Default_Handler unused
EBI_IRQHandler 0000001A

Symbol: EBI_IRQHandler
   Definitions
      At line 265 in file mbed-os\targets\TARGET_Silicon_Labs\TARGET_EFM32\TARG
ET_EFM32WG\device\TARGET_256K\TOOLCHAIN_ARM_STD\startup_efm32wg.S
   Uses
      At line 118 in file mbed-os\targets\TARGET_Silicon_Labs\TARGET_EFM32\TARG
ET_EFM32WG\device\TARGET_256K\TOOLCHAIN_ARM_STD\startup_efm32wg.S
      At line 223 in file mbed-os\targets\TARGET_Silicon_Labs\TARGET_EFM32\TARG
ET_EFM32WG\device\TARGET_256K\TOOLCHAIN_ARM_STD\startup_efm32wg.S

EMU_IRQHandler 0000001A

Symbol: EMU_IRQHandler
   Definitions
      At line 266 in file mbed-os\targets\TARGET_Silicon_Labs\TARGET_EFM32\TARG
ET_EFM32WG\device\TARGET_256K\TOOLCHAIN_ARM_STD\startup_efm32wg.S
   Uses
      At line 119 in file mbed-os\targets\TARGET_Silicon_Labs\TARGET_EFM32\TARG
ET_EFM32WG\device\TARGET_256K\TOOLCHAIN_ARM_STD\startup_efm32wg.S
      At line 224 in file mbed-os\targets\TARGET_Silicon_Labs\TARGET_EFM32\TARG
ET_EFM32WG\device\TARGET_256K\TOOLCHAIN_ARM_STD\startup_efm32wg.S

FPUEH_IRQHandler 0000001A

Symbol: FPUEH_IRQHandler
   Definitions
      At line 267 in file mbed-os\targets\TARGET_Silicon_Labs\TARGET_EFM32\TARG
ET_EFM32WG\device\TARGET_256K\TOOLCHAIN_ARM_STD\startup_efm32wg.S
   Uses
      At line 120 in file mbed-os\targets\TARGET_Silicon_Labs\TARGET_EFM32\TARG
ET_EFM32WG\device\TARGET_256K\TOOLCHAIN_ARM_STD\startup_efm32wg.S
      At line 225 in file mbed-os\targets\TARGET_Silicon_Labs\TARGET_EFM32\TARG
ET_EFM32WG\device\TARGET_256K\TOOLCHAIN_ARM_STD\startup_efm32wg.S

GPIO_EVEN_IRQHandler 0000001A

Symbol: GPIO_EVEN_IRQHandler
   Definitions
      At line 229 in file mbed-os\targets\TARGET_Silicon_Labs\TARGET_EFM32\TARG
ET_EFM32WG\device\TARGET_256K\TOOLCHAIN_ARM_STD\startup_efm32wg.S
   Uses
      At line 82 in file mbed-os\targets\TARGET_Silicon_Labs\TARGET_EFM32\TARGE
T_EFM32WG\device\TARGET_256K\TOOLCHAIN_ARM_STD\startup_efm32wg.S
      At line 187 in file mbed-os\targets\TARGET_Silicon_Labs\TARGET_EFM32\TARG
ET_EFM32WG\device\TARGET_256K\TOOLCHAIN_ARM_STD\startup_efm32wg.S

GPIO_ODD_IRQHandler 0000001A

Symbol: GPIO_ODD_IRQHandler



ARM Macro Assembler    Page 4 Alphabetic symbol ordering
Relocatable symbols

   Definitions
      At line 239 in file mbed-os\targets\TARGET_Silicon_Labs\TARGET_EFM32\TARG
ET_EFM32WG\device\TARGET_256K\TOOLCHAIN_ARM_STD\startup_efm32wg.S
   Uses
      At line 92 in file mbed-os\targets\TARGET_Silicon_Labs\TARGET_EFM32\TARGE
T_EFM32WG\device\TARGET_256K\TOOLCHAIN_ARM_STD\startup_efm32wg.S
      At line 197 in file mbed-os\targets\TARGET_Silicon_Labs\TARGET_EFM32\TARG
ET_EFM32WG\device\TARGET_256K\TOOLCHAIN_ARM_STD\startup_efm32wg.S

HardFault_Handler 0000000A

Symbol: HardFault_Handler
   Definitions
      At line 147 in file mbed-os\targets\TARGET_Silicon_Labs\TARGET_EFM32\TARG
ET_EFM32WG\device\TARGET_256K\TOOLCHAIN_ARM_STD\startup_efm32wg.S
   Uses
      At line 65 in file mbed-os\targets\TARGET_Silicon_Labs\TARGET_EFM32\TARGE
T_EFM32WG\device\TARGET_256K\TOOLCHAIN_ARM_STD\startup_efm32wg.S
      At line 149 in file mbed-os\targets\TARGET_Silicon_Labs\TARGET_EFM32\TARG
ET_EFM32WG\device\TARGET_256K\TOOLCHAIN_ARM_STD\startup_efm32wg.S

I2C0_IRQHandler 0000001A

Symbol: I2C0_IRQHandler
   Definitions
      At line 237 in file mbed-os\targets\TARGET_Silicon_Labs\TARGET_EFM32\TARG
ET_EFM32WG\device\TARGET_256K\TOOLCHAIN_ARM_STD\startup_efm32wg.S
   Uses
      At line 90 in file mbed-os\targets\TARGET_Silicon_Labs\TARGET_EFM32\TARGE
T_EFM32WG\device\TARGET_256K\TOOLCHAIN_ARM_STD\startup_efm32wg.S
      At line 195 in file mbed-os\targets\TARGET_Silicon_Labs\TARGET_EFM32\TARG
ET_EFM32WG\device\TARGET_256K\TOOLCHAIN_ARM_STD\startup_efm32wg.S

I2C1_IRQHandler 0000001A

Symbol: I2C1_IRQHandler
   Definitions
      At line 238 in file mbed-os\targets\TARGET_Silicon_Labs\TARGET_EFM32\TARG
ET_EFM32WG\device\TARGET_256K\TOOLCHAIN_ARM_STD\startup_efm32wg.S
   Uses
      At line 91 in file mbed-os\targets\TARGET_Silicon_Labs\TARGET_EFM32\TARGE
T_EFM32WG\device\TARGET_256K\TOOLCHAIN_ARM_STD\startup_efm32wg.S
      At line 196 in file mbed-os\targets\TARGET_Silicon_Labs\TARGET_EFM32\TARG
ET_EFM32WG\device\TARGET_256K\TOOLCHAIN_ARM_STD\startup_efm32wg.S

LCD_IRQHandler 0000001A

Symbol: LCD_IRQHandler
   Definitions
      At line 262 in file mbed-os\targets\TARGET_Silicon_Labs\TARGET_EFM32\TARG
ET_EFM32WG\device\TARGET_256K\TOOLCHAIN_ARM_STD\startup_efm32wg.S
   Uses
      At line 115 in file mbed-os\targets\TARGET_Silicon_Labs\TARGET_EFM32\TARG
ET_EFM32WG\device\TARGET_256K\TOOLCHAIN_ARM_STD\startup_efm32wg.S
      At line 220 in file mbed-os\targets\TARGET_Silicon_Labs\TARGET_EFM32\TARG
ET_EFM32WG\device\TARGET_256K\TOOLCHAIN_ARM_STD\startup_efm32wg.S

LESENSE_IRQHandler 0000001A




ARM Macro Assembler    Page 5 Alphabetic symbol ordering
Relocatable symbols

Symbol: LESENSE_IRQHandler
   Definitions
      At line 245 in file mbed-os\targets\TARGET_Silicon_Labs\TARGET_EFM32\TARG
ET_EFM32WG\device\TARGET_256K\TOOLCHAIN_ARM_STD\startup_efm32wg.S
   Uses
      At line 98 in file mbed-os\targets\TARGET_Silicon_Labs\TARGET_EFM32\TARGE
T_EFM32WG\device\TARGET_256K\TOOLCHAIN_ARM_STD\startup_efm32wg.S
      At line 203 in file mbed-os\targets\TARGET_Silicon_Labs\TARGET_EFM32\TARG
ET_EFM32WG\device\TARGET_256K\TOOLCHAIN_ARM_STD\startup_efm32wg.S

LETIMER0_IRQHandler 0000001A

Symbol: LETIMER0_IRQHandler
   Definitions
      At line 254 in file mbed-os\targets\TARGET_Silicon_Labs\TARGET_EFM32\TARG
ET_EFM32WG\device\TARGET_256K\TOOLCHAIN_ARM_STD\startup_efm32wg.S
   Uses
      At line 107 in file mbed-os\targets\TARGET_Silicon_Labs\TARGET_EFM32\TARG
ET_EFM32WG\device\TARGET_256K\TOOLCHAIN_ARM_STD\startup_efm32wg.S
      At line 212 in file mbed-os\targets\TARGET_Silicon_Labs\TARGET_EFM32\TARG
ET_EFM32WG\device\TARGET_256K\TOOLCHAIN_ARM_STD\startup_efm32wg.S

LEUART0_IRQHandler 0000001A

Symbol: LEUART0_IRQHandler
   Definitions
      At line 252 in file mbed-os\targets\TARGET_Silicon_Labs\TARGET_EFM32\TARG
ET_EFM32WG\device\TARGET_256K\TOOLCHAIN_ARM_STD\startup_efm32wg.S
   Uses
      At line 105 in file mbed-os\targets\TARGET_Silicon_Labs\TARGET_EFM32\TARG
ET_EFM32WG\device\TARGET_256K\TOOLCHAIN_ARM_STD\startup_efm32wg.S
      At line 210 in file mbed-os\targets\TARGET_Silicon_Labs\TARGET_EFM32\TARG
ET_EFM32WG\device\TARGET_256K\TOOLCHAIN_ARM_STD\startup_efm32wg.S

LEUART1_IRQHandler 0000001A

Symbol: LEUART1_IRQHandler
   Definitions
      At line 253 in file mbed-os\targets\TARGET_Silicon_Labs\TARGET_EFM32\TARG
ET_EFM32WG\device\TARGET_256K\TOOLCHAIN_ARM_STD\startup_efm32wg.S
   Uses
      At line 106 in file mbed-os\targets\TARGET_Silicon_Labs\TARGET_EFM32\TARG
ET_EFM32WG\device\TARGET_256K\TOOLCHAIN_ARM_STD\startup_efm32wg.S
      At line 211 in file mbed-os\targets\TARGET_Silicon_Labs\TARGET_EFM32\TARG
ET_EFM32WG\device\TARGET_256K\TOOLCHAIN_ARM_STD\startup_efm32wg.S

MSC_IRQHandler 0000001A

Symbol: MSC_IRQHandler
   Definitions
      At line 263 in file mbed-os\targets\TARGET_Silicon_Labs\TARGET_EFM32\TARG
ET_EFM32WG\device\TARGET_256K\TOOLCHAIN_ARM_STD\startup_efm32wg.S
   Uses
      At line 116 in file mbed-os\targets\TARGET_Silicon_Labs\TARGET_EFM32\TARG
ET_EFM32WG\device\TARGET_256K\TOOLCHAIN_ARM_STD\startup_efm32wg.S
      At line 221 in file mbed-os\targets\TARGET_Silicon_Labs\TARGET_EFM32\TARG
ET_EFM32WG\device\TARGET_256K\TOOLCHAIN_ARM_STD\startup_efm32wg.S

MemManage_Handler 0000000C



ARM Macro Assembler    Page 6 Alphabetic symbol ordering
Relocatable symbols


Symbol: MemManage_Handler
   Definitions
      At line 152 in file mbed-os\targets\TARGET_Silicon_Labs\TARGET_EFM32\TARG
ET_EFM32WG\device\TARGET_256K\TOOLCHAIN_ARM_STD\startup_efm32wg.S
   Uses
      At line 66 in file mbed-os\targets\TARGET_Silicon_Labs\TARGET_EFM32\TARGE
T_EFM32WG\device\TARGET_256K\TOOLCHAIN_ARM_STD\startup_efm32wg.S
      At line 154 in file mbed-os\targets\TARGET_Silicon_Labs\TARGET_EFM32\TARG
ET_EFM32WG\device\TARGET_256K\TOOLCHAIN_ARM_STD\startup_efm32wg.S

NMI_Handler 00000008

Symbol: NMI_Handler
   Definitions
      At line 143 in file mbed-os\targets\TARGET_Silicon_Labs\TARGET_EFM32\TARG
ET_EFM32WG\device\TARGET_256K\TOOLCHAIN_ARM_STD\startup_efm32wg.S
   Uses
      At line 64 in file mbed-os\targets\TARGET_Silicon_Labs\TARGET_EFM32\TARGE
T_EFM32WG\device\TARGET_256K\TOOLCHAIN_ARM_STD\startup_efm32wg.S
      At line 144 in file mbed-os\targets\TARGET_Silicon_Labs\TARGET_EFM32\TARG
ET_EFM32WG\device\TARGET_256K\TOOLCHAIN_ARM_STD\startup_efm32wg.S

PCNT0_IRQHandler 0000001A

Symbol: PCNT0_IRQHandler
   Definitions
      At line 255 in file mbed-os\targets\TARGET_Silicon_Labs\TARGET_EFM32\TARG
ET_EFM32WG\device\TARGET_256K\TOOLCHAIN_ARM_STD\startup_efm32wg.S
   Uses
      At line 108 in file mbed-os\targets\TARGET_Silicon_Labs\TARGET_EFM32\TARG
ET_EFM32WG\device\TARGET_256K\TOOLCHAIN_ARM_STD\startup_efm32wg.S
      At line 213 in file mbed-os\targets\TARGET_Silicon_Labs\TARGET_EFM32\TARG
ET_EFM32WG\device\TARGET_256K\TOOLCHAIN_ARM_STD\startup_efm32wg.S

PCNT1_IRQHandler 0000001A

Symbol: PCNT1_IRQHandler
   Definitions
      At line 256 in file mbed-os\targets\TARGET_Silicon_Labs\TARGET_EFM32\TARG
ET_EFM32WG\device\TARGET_256K\TOOLCHAIN_ARM_STD\startup_efm32wg.S
   Uses
      At line 109 in file mbed-os\targets\TARGET_Silicon_Labs\TARGET_EFM32\TARG
ET_EFM32WG\device\TARGET_256K\TOOLCHAIN_ARM_STD\startup_efm32wg.S
      At line 214 in file mbed-os\targets\TARGET_Silicon_Labs\TARGET_EFM32\TARG
ET_EFM32WG\device\TARGET_256K\TOOLCHAIN_ARM_STD\startup_efm32wg.S

PCNT2_IRQHandler 0000001A

Symbol: PCNT2_IRQHandler
   Definitions
      At line 257 in file mbed-os\targets\TARGET_Silicon_Labs\TARGET_EFM32\TARG
ET_EFM32WG\device\TARGET_256K\TOOLCHAIN_ARM_STD\startup_efm32wg.S
   Uses
      At line 110 in file mbed-os\targets\TARGET_Silicon_Labs\TARGET_EFM32\TARG
ET_EFM32WG\device\TARGET_256K\TOOLCHAIN_ARM_STD\startup_efm32wg.S
      At line 215 in file mbed-os\targets\TARGET_Silicon_Labs\TARGET_EFM32\TARG
ET_EFM32WG\device\TARGET_256K\TOOLCHAIN_ARM_STD\startup_efm32wg.S




ARM Macro Assembler    Page 7 Alphabetic symbol ordering
Relocatable symbols

PendSV_Handler 00000016

Symbol: PendSV_Handler
   Definitions
      At line 176 in file mbed-os\targets\TARGET_Silicon_Labs\TARGET_EFM32\TARG
ET_EFM32WG\device\TARGET_256K\TOOLCHAIN_ARM_STD\startup_efm32wg.S
   Uses
      At line 76 in file mbed-os\targets\TARGET_Silicon_Labs\TARGET_EFM32\TARGE
T_EFM32WG\device\TARGET_256K\TOOLCHAIN_ARM_STD\startup_efm32wg.S
      At line 177 in file mbed-os\targets\TARGET_Silicon_Labs\TARGET_EFM32\TARG
ET_EFM32WG\device\TARGET_256K\TOOLCHAIN_ARM_STD\startup_efm32wg.S

RTC_IRQHandler 0000001A

Symbol: RTC_IRQHandler
   Definitions
      At line 258 in file mbed-os\targets\TARGET_Silicon_Labs\TARGET_EFM32\TARG
ET_EFM32WG\device\TARGET_256K\TOOLCHAIN_ARM_STD\startup_efm32wg.S
   Uses
      At line 111 in file mbed-os\targets\TARGET_Silicon_Labs\TARGET_EFM32\TARG
ET_EFM32WG\device\TARGET_256K\TOOLCHAIN_ARM_STD\startup_efm32wg.S
      At line 216 in file mbed-os\targets\TARGET_Silicon_Labs\TARGET_EFM32\TARG
ET_EFM32WG\device\TARGET_256K\TOOLCHAIN_ARM_STD\startup_efm32wg.S

Reset_Handler 00000000

Symbol: Reset_Handler
   Definitions
      At line 130 in file mbed-os\targets\TARGET_Silicon_Labs\TARGET_EFM32\TARG
ET_EFM32WG\device\TARGET_256K\TOOLCHAIN_ARM_STD\startup_efm32wg.S
   Uses
      At line 63 in file mbed-os\targets\TARGET_Silicon_Labs\TARGET_EFM32\TARGE
T_EFM32WG\device\TARGET_256K\TOOLCHAIN_ARM_STD\startup_efm32wg.S
      At line 131 in file mbed-os\targets\TARGET_Silicon_Labs\TARGET_EFM32\TARG
ET_EFM32WG\device\TARGET_256K\TOOLCHAIN_ARM_STD\startup_efm32wg.S

SVC_Handler 00000012

Symbol: SVC_Handler
   Definitions
      At line 167 in file mbed-os\targets\TARGET_Silicon_Labs\TARGET_EFM32\TARG
ET_EFM32WG\device\TARGET_256K\TOOLCHAIN_ARM_STD\startup_efm32wg.S
   Uses
      At line 73 in file mbed-os\targets\TARGET_Silicon_Labs\TARGET_EFM32\TARGE
T_EFM32WG\device\TARGET_256K\TOOLCHAIN_ARM_STD\startup_efm32wg.S
      At line 168 in file mbed-os\targets\TARGET_Silicon_Labs\TARGET_EFM32\TARG
ET_EFM32WG\device\TARGET_256K\TOOLCHAIN_ARM_STD\startup_efm32wg.S

SysTick_Handler 00000018

Symbol: SysTick_Handler
   Definitions
      At line 180 in file mbed-os\targets\TARGET_Silicon_Labs\TARGET_EFM32\TARG
ET_EFM32WG\device\TARGET_256K\TOOLCHAIN_ARM_STD\startup_efm32wg.S
   Uses
      At line 77 in file mbed-os\targets\TARGET_Silicon_Labs\TARGET_EFM32\TARGE
T_EFM32WG\device\TARGET_256K\TOOLCHAIN_ARM_STD\startup_efm32wg.S
      At line 181 in file mbed-os\targets\TARGET_Silicon_Labs\TARGET_EFM32\TARG
ET_EFM32WG\device\TARGET_256K\TOOLCHAIN_ARM_STD\startup_efm32wg.S



ARM Macro Assembler    Page 8 Alphabetic symbol ordering
Relocatable symbols


TIMER0_IRQHandler 0000001A

Symbol: TIMER0_IRQHandler
   Definitions
      At line 230 in file mbed-os\targets\TARGET_Silicon_Labs\TARGET_EFM32\TARG
ET_EFM32WG\device\TARGET_256K\TOOLCHAIN_ARM_STD\startup_efm32wg.S
   Uses
      At line 83 in file mbed-os\targets\TARGET_Silicon_Labs\TARGET_EFM32\TARGE
T_EFM32WG\device\TARGET_256K\TOOLCHAIN_ARM_STD\startup_efm32wg.S
      At line 188 in file mbed-os\targets\TARGET_Silicon_Labs\TARGET_EFM32\TARG
ET_EFM32WG\device\TARGET_256K\TOOLCHAIN_ARM_STD\startup_efm32wg.S

TIMER1_IRQHandler 0000001A

Symbol: TIMER1_IRQHandler
   Definitions
      At line 240 in file mbed-os\targets\TARGET_Silicon_Labs\TARGET_EFM32\TARG
ET_EFM32WG\device\TARGET_256K\TOOLCHAIN_ARM_STD\startup_efm32wg.S
   Uses
      At line 93 in file mbed-os\targets\TARGET_Silicon_Labs\TARGET_EFM32\TARGE
T_EFM32WG\device\TARGET_256K\TOOLCHAIN_ARM_STD\startup_efm32wg.S
      At line 198 in file mbed-os\targets\TARGET_Silicon_Labs\TARGET_EFM32\TARG
ET_EFM32WG\device\TARGET_256K\TOOLCHAIN_ARM_STD\startup_efm32wg.S

TIMER2_IRQHandler 0000001A

Symbol: TIMER2_IRQHandler
   Definitions
      At line 241 in file mbed-os\targets\TARGET_Silicon_Labs\TARGET_EFM32\TARG
ET_EFM32WG\device\TARGET_256K\TOOLCHAIN_ARM_STD\startup_efm32wg.S
   Uses
      At line 94 in file mbed-os\targets\TARGET_Silicon_Labs\TARGET_EFM32\TARGE
T_EFM32WG\device\TARGET_256K\TOOLCHAIN_ARM_STD\startup_efm32wg.S
      At line 199 in file mbed-os\targets\TARGET_Silicon_Labs\TARGET_EFM32\TARG
ET_EFM32WG\device\TARGET_256K\TOOLCHAIN_ARM_STD\startup_efm32wg.S

TIMER3_IRQHandler 0000001A

Symbol: TIMER3_IRQHandler
   Definitions
      At line 242 in file mbed-os\targets\TARGET_Silicon_Labs\TARGET_EFM32\TARG
ET_EFM32WG\device\TARGET_256K\TOOLCHAIN_ARM_STD\startup_efm32wg.S
   Uses
      At line 95 in file mbed-os\targets\TARGET_Silicon_Labs\TARGET_EFM32\TARGE
T_EFM32WG\device\TARGET_256K\TOOLCHAIN_ARM_STD\startup_efm32wg.S
      At line 200 in file mbed-os\targets\TARGET_Silicon_Labs\TARGET_EFM32\TARG
ET_EFM32WG\device\TARGET_256K\TOOLCHAIN_ARM_STD\startup_efm32wg.S

UART0_RX_IRQHandler 0000001A

Symbol: UART0_RX_IRQHandler
   Definitions
      At line 248 in file mbed-os\targets\TARGET_Silicon_Labs\TARGET_EFM32\TARG
ET_EFM32WG\device\TARGET_256K\TOOLCHAIN_ARM_STD\startup_efm32wg.S
   Uses
      At line 101 in file mbed-os\targets\TARGET_Silicon_Labs\TARGET_EFM32\TARG
ET_EFM32WG\device\TARGET_256K\TOOLCHAIN_ARM_STD\startup_efm32wg.S
      At line 206 in file mbed-os\targets\TARGET_Silicon_Labs\TARGET_EFM32\TARG



ARM Macro Assembler    Page 9 Alphabetic symbol ordering
Relocatable symbols

ET_EFM32WG\device\TARGET_256K\TOOLCHAIN_ARM_STD\startup_efm32wg.S

UART0_TX_IRQHandler 0000001A

Symbol: UART0_TX_IRQHandler
   Definitions
      At line 249 in file mbed-os\targets\TARGET_Silicon_Labs\TARGET_EFM32\TARG
ET_EFM32WG\device\TARGET_256K\TOOLCHAIN_ARM_STD\startup_efm32wg.S
   Uses
      At line 102 in file mbed-os\targets\TARGET_Silicon_Labs\TARGET_EFM32\TARG
ET_EFM32WG\device\TARGET_256K\TOOLCHAIN_ARM_STD\startup_efm32wg.S
      At line 207 in file mbed-os\targets\TARGET_Silicon_Labs\TARGET_EFM32\TARG
ET_EFM32WG\device\TARGET_256K\TOOLCHAIN_ARM_STD\startup_efm32wg.S

UART1_RX_IRQHandler 0000001A

Symbol: UART1_RX_IRQHandler
   Definitions
      At line 250 in file mbed-os\targets\TARGET_Silicon_Labs\TARGET_EFM32\TARG
ET_EFM32WG\device\TARGET_256K\TOOLCHAIN_ARM_STD\startup_efm32wg.S
   Uses
      At line 103 in file mbed-os\targets\TARGET_Silicon_Labs\TARGET_EFM32\TARG
ET_EFM32WG\device\TARGET_256K\TOOLCHAIN_ARM_STD\startup_efm32wg.S
      At line 208 in file mbed-os\targets\TARGET_Silicon_Labs\TARGET_EFM32\TARG
ET_EFM32WG\device\TARGET_256K\TOOLCHAIN_ARM_STD\startup_efm32wg.S

UART1_TX_IRQHandler 0000001A

Symbol: UART1_TX_IRQHandler
   Definitions
      At line 251 in file mbed-os\targets\TARGET_Silicon_Labs\TARGET_EFM32\TARG
ET_EFM32WG\device\TARGET_256K\TOOLCHAIN_ARM_STD\startup_efm32wg.S
   Uses
      At line 104 in file mbed-os\targets\TARGET_Silicon_Labs\TARGET_EFM32\TARG
ET_EFM32WG\device\TARGET_256K\TOOLCHAIN_ARM_STD\startup_efm32wg.S
      At line 209 in file mbed-os\targets\TARGET_Silicon_Labs\TARGET_EFM32\TARG
ET_EFM32WG\device\TARGET_256K\TOOLCHAIN_ARM_STD\startup_efm32wg.S

USART0_RX_IRQHandler 0000001A

Symbol: USART0_RX_IRQHandler
   Definitions
      At line 231 in file mbed-os\targets\TARGET_Silicon_Labs\TARGET_EFM32\TARG
ET_EFM32WG\device\TARGET_256K\TOOLCHAIN_ARM_STD\startup_efm32wg.S
   Uses
      At line 84 in file mbed-os\targets\TARGET_Silicon_Labs\TARGET_EFM32\TARGE
T_EFM32WG\device\TARGET_256K\TOOLCHAIN_ARM_STD\startup_efm32wg.S
      At line 189 in file mbed-os\targets\TARGET_Silicon_Labs\TARGET_EFM32\TARG
ET_EFM32WG\device\TARGET_256K\TOOLCHAIN_ARM_STD\startup_efm32wg.S

USART0_TX_IRQHandler 0000001A

Symbol: USART0_TX_IRQHandler
   Definitions
      At line 232 in file mbed-os\targets\TARGET_Silicon_Labs\TARGET_EFM32\TARG
ET_EFM32WG\device\TARGET_256K\TOOLCHAIN_ARM_STD\startup_efm32wg.S
   Uses
      At line 85 in file mbed-os\targets\TARGET_Silicon_Labs\TARGET_EFM32\TARGE
T_EFM32WG\device\TARGET_256K\TOOLCHAIN_ARM_STD\startup_efm32wg.S



ARM Macro Assembler    Page 10 Alphabetic symbol ordering
Relocatable symbols

      At line 190 in file mbed-os\targets\TARGET_Silicon_Labs\TARGET_EFM32\TARG
ET_EFM32WG\device\TARGET_256K\TOOLCHAIN_ARM_STD\startup_efm32wg.S

USART1_RX_IRQHandler 0000001A

Symbol: USART1_RX_IRQHandler
   Definitions
      At line 243 in file mbed-os\targets\TARGET_Silicon_Labs\TARGET_EFM32\TARG
ET_EFM32WG\device\TARGET_256K\TOOLCHAIN_ARM_STD\startup_efm32wg.S
   Uses
      At line 96 in file mbed-os\targets\TARGET_Silicon_Labs\TARGET_EFM32\TARGE
T_EFM32WG\device\TARGET_256K\TOOLCHAIN_ARM_STD\startup_efm32wg.S
      At line 201 in file mbed-os\targets\TARGET_Silicon_Labs\TARGET_EFM32\TARG
ET_EFM32WG\device\TARGET_256K\TOOLCHAIN_ARM_STD\startup_efm32wg.S

USART1_TX_IRQHandler 0000001A

Symbol: USART1_TX_IRQHandler
   Definitions
      At line 244 in file mbed-os\targets\TARGET_Silicon_Labs\TARGET_EFM32\TARG
ET_EFM32WG\device\TARGET_256K\TOOLCHAIN_ARM_STD\startup_efm32wg.S
   Uses
      At line 97 in file mbed-os\targets\TARGET_Silicon_Labs\TARGET_EFM32\TARGE
T_EFM32WG\device\TARGET_256K\TOOLCHAIN_ARM_STD\startup_efm32wg.S
      At line 202 in file mbed-os\targets\TARGET_Silicon_Labs\TARGET_EFM32\TARG
ET_EFM32WG\device\TARGET_256K\TOOLCHAIN_ARM_STD\startup_efm32wg.S

USART2_RX_IRQHandler 0000001A

Symbol: USART2_RX_IRQHandler
   Definitions
      At line 246 in file mbed-os\targets\TARGET_Silicon_Labs\TARGET_EFM32\TARG
ET_EFM32WG\device\TARGET_256K\TOOLCHAIN_ARM_STD\startup_efm32wg.S
   Uses
      At line 99 in file mbed-os\targets\TARGET_Silicon_Labs\TARGET_EFM32\TARGE
T_EFM32WG\device\TARGET_256K\TOOLCHAIN_ARM_STD\startup_efm32wg.S
      At line 204 in file mbed-os\targets\TARGET_Silicon_Labs\TARGET_EFM32\TARG
ET_EFM32WG\device\TARGET_256K\TOOLCHAIN_ARM_STD\startup_efm32wg.S

USART2_TX_IRQHandler 0000001A

Symbol: USART2_TX_IRQHandler
   Definitions
      At line 247 in file mbed-os\targets\TARGET_Silicon_Labs\TARGET_EFM32\TARG
ET_EFM32WG\device\TARGET_256K\TOOLCHAIN_ARM_STD\startup_efm32wg.S
   Uses
      At line 100 in file mbed-os\targets\TARGET_Silicon_Labs\TARGET_EFM32\TARG
ET_EFM32WG\device\TARGET_256K\TOOLCHAIN_ARM_STD\startup_efm32wg.S
      At line 205 in file mbed-os\targets\TARGET_Silicon_Labs\TARGET_EFM32\TARG
ET_EFM32WG\device\TARGET_256K\TOOLCHAIN_ARM_STD\startup_efm32wg.S

USB_IRQHandler 0000001A

Symbol: USB_IRQHandler
   Definitions
      At line 233 in file mbed-os\targets\TARGET_Silicon_Labs\TARGET_EFM32\TARG
ET_EFM32WG\device\TARGET_256K\TOOLCHAIN_ARM_STD\startup_efm32wg.S
   Uses
      At line 86 in file mbed-os\targets\TARGET_Silicon_Labs\TARGET_EFM32\TARGE



ARM Macro Assembler    Page 11 Alphabetic symbol ordering
Relocatable symbols

T_EFM32WG\device\TARGET_256K\TOOLCHAIN_ARM_STD\startup_efm32wg.S
      At line 191 in file mbed-os\targets\TARGET_Silicon_Labs\TARGET_EFM32\TARG
ET_EFM32WG\device\TARGET_256K\TOOLCHAIN_ARM_STD\startup_efm32wg.S

UsageFault_Handler 00000010

Symbol: UsageFault_Handler
   Definitions
      At line 162 in file mbed-os\targets\TARGET_Silicon_Labs\TARGET_EFM32\TARG
ET_EFM32WG\device\TARGET_256K\TOOLCHAIN_ARM_STD\startup_efm32wg.S
   Uses
      At line 68 in file mbed-os\targets\TARGET_Silicon_Labs\TARGET_EFM32\TARGE
T_EFM32WG\device\TARGET_256K\TOOLCHAIN_ARM_STD\startup_efm32wg.S
      At line 164 in file mbed-os\targets\TARGET_Silicon_Labs\TARGET_EFM32\TARG
ET_EFM32WG\device\TARGET_256K\TOOLCHAIN_ARM_STD\startup_efm32wg.S

VCMP_IRQHandler 0000001A

Symbol: VCMP_IRQHandler
   Definitions
      At line 261 in file mbed-os\targets\TARGET_Silicon_Labs\TARGET_EFM32\TARG
ET_EFM32WG\device\TARGET_256K\TOOLCHAIN_ARM_STD\startup_efm32wg.S
   Uses
      At line 114 in file mbed-os\targets\TARGET_Silicon_Labs\TARGET_EFM32\TARG
ET_EFM32WG\device\TARGET_256K\TOOLCHAIN_ARM_STD\startup_efm32wg.S
      At line 219 in file mbed-os\targets\TARGET_Silicon_Labs\TARGET_EFM32\TARG
ET_EFM32WG\device\TARGET_256K\TOOLCHAIN_ARM_STD\startup_efm32wg.S

__user_initial_stackheap 0000001C

Symbol: __user_initial_stackheap
   Definitions
      At line 278 in file mbed-os\targets\TARGET_Silicon_Labs\TARGET_EFM32\TARG
ET_EFM32WG\device\TARGET_256K\TOOLCHAIN_ARM_STD\startup_efm32wg.S
   Uses
      At line 276 in file mbed-os\targets\TARGET_Silicon_Labs\TARGET_EFM32\TARG
ET_EFM32WG\device\TARGET_256K\TOOLCHAIN_ARM_STD\startup_efm32wg.S
Comment: __user_initial_stackheap used once
53 symbols



ARM Macro Assembler    Page 1 Alphabetic symbol ordering
Absolute symbols

Heap_Size 00000C00

Symbol: Heap_Size
   Definitions
      At line 43 in file mbed-os\targets\TARGET_Silicon_Labs\TARGET_EFM32\TARGE
T_EFM32WG\device\TARGET_256K\TOOLCHAIN_ARM_STD\startup_efm32wg.S
   Uses
      At line 47 in file mbed-os\targets\TARGET_Silicon_Labs\TARGET_EFM32\TARGE
T_EFM32WG\device\TARGET_256K\TOOLCHAIN_ARM_STD\startup_efm32wg.S
      At line 281 in file mbed-os\targets\TARGET_Silicon_Labs\TARGET_EFM32\TARG
ET_EFM32WG\device\TARGET_256K\TOOLCHAIN_ARM_STD\startup_efm32wg.S

Stack_Size 00000400

Symbol: Stack_Size
   Definitions
      At line 32 in file mbed-os\targets\TARGET_Silicon_Labs\TARGET_EFM32\TARGE
T_EFM32WG\device\TARGET_256K\TOOLCHAIN_ARM_STD\startup_efm32wg.S
   Uses
      At line 35 in file mbed-os\targets\TARGET_Silicon_Labs\TARGET_EFM32\TARGE
T_EFM32WG\device\TARGET_256K\TOOLCHAIN_ARM_STD\startup_efm32wg.S
      At line 280 in file mbed-os\targets\TARGET_Silicon_Labs\TARGET_EFM32\TARG
ET_EFM32WG\device\TARGET_256K\TOOLCHAIN_ARM_STD\startup_efm32wg.S

__Vectors_Size 000000E0

Symbol: __Vectors_Size
   Definitions
      At line 123 in file mbed-os\targets\TARGET_Silicon_Labs\TARGET_EFM32\TARG
ET_EFM32WG\device\TARGET_256K\TOOLCHAIN_ARM_STD\startup_efm32wg.S
   Uses
      At line 60 in file mbed-os\targets\TARGET_Silicon_Labs\TARGET_EFM32\TARGE
T_EFM32WG\device\TARGET_256K\TOOLCHAIN_ARM_STD\startup_efm32wg.S
Comment: __Vectors_Size used once
__initial_sp 20008000

Symbol: __initial_sp
   Definitions
      At line 36 in file mbed-os\targets\TARGET_Silicon_Labs\TARGET_EFM32\TARGE
T_EFM32WG\device\TARGET_256K\TOOLCHAIN_ARM_STD\startup_efm32wg.S
   Uses
      At line 62 in file mbed-os\targets\TARGET_Silicon_Labs\TARGET_EFM32\TARGE
T_EFM32WG\device\TARGET_256K\TOOLCHAIN_ARM_STD\startup_efm32wg.S
Comment: __initial_sp used once
4 symbols



ARM Macro Assembler    Page 1 Alphabetic symbol ordering
External symbols

SystemInit 00000000

Symbol: SystemInit
   Definitions
      At line 132 in file mbed-os\targets\TARGET_Silicon_Labs\TARGET_EFM32\TARG
ET_EFM32WG\device\TARGET_256K\TOOLCHAIN_ARM_STD\startup_efm32wg.S
   Uses
      At line 134 in file mbed-os\targets\TARGET_Silicon_Labs\TARGET_EFM32\TARG
ET_EFM32WG\device\TARGET_256K\TOOLCHAIN_ARM_STD\startup_efm32wg.S
Comment: SystemInit used once
__main 00000000

Symbol: __main
   Definitions
      At line 133 in file mbed-os\targets\TARGET_Silicon_Labs\TARGET_EFM32\TARG
ET_EFM32WG\device\TARGET_256K\TOOLCHAIN_ARM_STD\startup_efm32wg.S
   Uses
      At line 136 in file mbed-os\targets\TARGET_Silicon_Labs\TARGET_EFM32\TARG
ET_EFM32WG\device\TARGET_256K\TOOLCHAIN_ARM_STD\startup_efm32wg.S
Comment: __main used once
__use_two_region_memory 00000000

Symbol: __use_two_region_memory
   Definitions
      At line 275 in file mbed-os\targets\TARGET_Silicon_Labs\TARGET_EFM32\TARG
ET_EFM32WG\device\TARGET_256K\TOOLCHAIN_ARM_STD\startup_efm32wg.S
   Uses
      None
Comment: __use_two_region_memory unused
3 symbols
404 symbols in table
